<?xml version="1.0" encoding="UTF-8"?><testrun name="ActivityClientTest" project="exercise-services" tests="4" started="4" failures="0" errors="1" ignored="0">
  <testsuite name="com.pluralsight.client.ActivityClientTest" time="1.927">
    <testcase name="testGet" classname="com.pluralsight.client.ActivityClientTest" time="1.784"/>
    <testcase name="testGetAll" classname="com.pluralsight.client.ActivityClientTest" time="0.062">
      <error>org.glassfish.jersey.message.internal.MessageBodyProviderNotFoundException: MessageBodyReader not found for media type=text/html; charset=utf-8, type=interface java.util.List, genericType=java.util.List&lt;com.pluralsight.model.Activity&gt;.&#13;
	at org.glassfish.jersey.message.internal.ReaderInterceptorExecutor$TerminalReaderInterceptor.aroundReadFrom(ReaderInterceptorExecutor.java:173)&#13;
	at org.glassfish.jersey.message.internal.ReaderInterceptorExecutor.proceed(ReaderInterceptorExecutor.java:134)&#13;
	at org.glassfish.jersey.message.internal.MessageBodyFactory.readFrom(MessageBodyFactory.java:988)&#13;
	at org.glassfish.jersey.message.internal.InboundMessageContext.readEntity(InboundMessageContext.java:833)&#13;
	at org.glassfish.jersey.message.internal.InboundMessageContext.readEntity(InboundMessageContext.java:795)&#13;
	at org.glassfish.jersey.client.InboundJaxrsResponse.readEntity(InboundJaxrsResponse.java:102)&#13;
	at org.glassfish.jersey.client.ScopedJaxrsResponse.access$101(ScopedJaxrsResponse.java:56)&#13;
	at org.glassfish.jersey.client.ScopedJaxrsResponse$2.call(ScopedJaxrsResponse.java:87)&#13;
	at org.glassfish.jersey.internal.Errors.process(Errors.java:315)&#13;
	at org.glassfish.jersey.internal.Errors.process(Errors.java:297)&#13;
	at org.glassfish.jersey.internal.Errors.process(Errors.java:228)&#13;
	at org.glassfish.jersey.process.internal.RequestScope.runInScope(RequestScope.java:397)&#13;
	at org.glassfish.jersey.client.ScopedJaxrsResponse.readEntity(ScopedJaxrsResponse.java:84)&#13;
	at com.pluralsight.client.ActivityClient.getAll(ActivityClient.java:39)&#13;
	at com.pluralsight.client.ActivityClientTest.testGetAll(ActivityClientTest.java:28)&#13;
	at sun.reflect.NativeMethodAccessorImpl.invoke0(Native Method)&#13;
	at sun.reflect.NativeMethodAccessorImpl.invoke(Unknown Source)&#13;
	at sun.reflect.DelegatingMethodAccessorImpl.invoke(Unknown Source)&#13;
	at java.lang.reflect.Method.invoke(Unknown Source)&#13;
	at org.junit.runners.model.FrameworkMethod$1.runReflectiveCall(FrameworkMethod.java:45)&#13;
	at org.junit.internal.runners.model.ReflectiveCallable.run(ReflectiveCallable.java:15)&#13;
	at org.junit.runners.model.FrameworkMethod.invokeExplosively(FrameworkMethod.java:42)&#13;
	at org.junit.internal.runners.statements.InvokeMethod.evaluate(InvokeMethod.java:20)&#13;
	at org.junit.runners.ParentRunner.runLeaf(ParentRunner.java:263)&#13;
	at org.junit.runners.BlockJUnit4ClassRunner.runChild(BlockJUnit4ClassRunner.java:68)&#13;
	at org.junit.runners.BlockJUnit4ClassRunner.runChild(BlockJUnit4ClassRunner.java:47)&#13;
	at org.junit.runners.ParentRunner$3.run(ParentRunner.java:231)&#13;
	at org.junit.runners.ParentRunner$1.schedule(ParentRunner.java:60)&#13;
	at org.junit.runners.ParentRunner.runChildren(ParentRunner.java:229)&#13;
	at org.junit.runners.ParentRunner.access$000(ParentRunner.java:50)&#13;
	at org.junit.runners.ParentRunner$2.evaluate(ParentRunner.java:222)&#13;
	at org.junit.runners.ParentRunner.run(ParentRunner.java:300)&#13;
	at org.eclipse.jdt.internal.junit4.runner.JUnit4TestReference.run(JUnit4TestReference.java:86)&#13;
	at org.eclipse.jdt.internal.junit.runner.TestExecution.run(TestExecution.java:38)&#13;
	at org.eclipse.jdt.internal.junit.runner.RemoteTestRunner.runTests(RemoteTestRunner.java:459)&#13;
	at org.eclipse.jdt.internal.junit.runner.RemoteTestRunner.runTests(RemoteTestRunner.java:678)&#13;
	at org.eclipse.jdt.internal.junit.runner.RemoteTestRunner.run(RemoteTestRunner.java:382)&#13;
	at org.eclipse.jdt.internal.junit.runner.RemoteTestRunner.main(RemoteTestRunner.java:192)&#13;
&#13;
</error>
    </testcase>
    <testcase name="testGetWithBadRequest" classname="com.pluralsight.client.ActivityClientTest" time="0.04"/>
    <testcase name="testGetWithNotFound" classname="com.pluralsight.client.ActivityClientTest" time="0.04"/>
  </testsuite>
</testrun>
