<?xml version="1.0" encoding="UTF-8" ?>
<testsuite tests="6" failures="0" name="com.pluralsight.client.ActivityClientTest" time="3.66" errors="0" skipped="0">
  <properties>
[...]
</properties>
  <testcase classname="com.pluralsight.client.ActivityClientTest" name="testGetWithNotFound" time="1.102"/>
  <testcase classname="com.pluralsight.client.ActivityClientTest" name="testGetWithBadRequest" time="0.045"/>
  <testcase classname="com.pluralsight.client.ActivityClientTest" name="testGet" time="2.199"/>
  <testcase classname="com.pluralsight.client.ActivityClientTest" name="testCreate" time="0.232"/>
  <testcase classname="com.pluralsight.client.ActivityClientTest" name="testGetAll" time="0.049"/>
  <testcase classname="com.pluralsight.client.ActivityClientTest" name="testGetUser" time="0.033"/>
</testsuite>